Determining if the pthread_create exist failed with the following output:
Change Dir: /home/pengwang/workspace/github/drpc2/CMakeFiles/CMakeTmp

Run Build Command(s):/usr/bin/gmake cmTC_6c3c0/fast 
/usr/bin/gmake -f CMakeFiles/cmTC_6c3c0.dir/build.make CMakeFiles/cmTC_6c3c0.dir/build
gmake[1]: Entering directory '/home/pengwang/workspace/github/drpc2/CMakeFiles/CMakeTmp'
Building C object CMakeFiles/cmTC_6c3c0.dir/CheckSymbolExists.c.o
/usr/bin/cc    -o CMakeFiles/cmTC_6c3c0.dir/CheckSymbolExists.c.o   -c /home/pengwang/workspace/github/drpc2/CMakeFiles/CMakeTmp/CheckSymbolExists.c
Linking C executable cmTC_6c3c0
/usr/local/bin/cmake -E cmake_link_script CMakeFiles/cmTC_6c3c0.dir/link.txt --verbose=1
/usr/bin/cc      CMakeFiles/cmTC_6c3c0.dir/CheckSymbolExists.c.o  -o cmTC_6c3c0 
CMakeFiles/cmTC_6c3c0.dir/CheckSymbolExists.c.o: In function `main':
CheckSymbolExists.c:(.text+0x16): undefined reference to `pthread_create'
collect2: error: ld returned 1 exit status
gmake[1]: *** [CMakeFiles/cmTC_6c3c0.dir/build.make:87: cmTC_6c3c0] Error 1
gmake[1]: Leaving directory '/home/pengwang/workspace/github/drpc2/CMakeFiles/CMakeTmp'
gmake: *** [Makefile:121: cmTC_6c3c0/fast] Error 2

File /home/pengwang/workspace/github/drpc2/CMakeFiles/CMakeTmp/CheckSymbolExists.c:
/* */
#include <pthread.h>

int main(int argc, char** argv)
{
  (void)argv;
#ifndef pthread_create
  return ((int*)(&pthread_create))[argc];
#else
  (void)argc;
  return 0;
#endif
}

Determining if the function pthread_create exists in the pthreads failed with the following output:
Change Dir: /home/pengwang/workspace/github/drpc2/CMakeFiles/CMakeTmp

Run Build Command(s):/usr/bin/gmake cmTC_5d8a2/fast 
/usr/bin/gmake -f CMakeFiles/cmTC_5d8a2.dir/build.make CMakeFiles/cmTC_5d8a2.dir/build
gmake[1]: Entering directory '/home/pengwang/workspace/github/drpc2/CMakeFiles/CMakeTmp'
Building C object CMakeFiles/cmTC_5d8a2.dir/CheckFunctionExists.c.o
/usr/bin/cc   -DCHECK_FUNCTION_EXISTS=pthread_create   -o CMakeFiles/cmTC_5d8a2.dir/CheckFunctionExists.c.o   -c /usr/local/share/cmake-3.14/Modules/CheckFunctionExists.c
Linking C executable cmTC_5d8a2
/usr/local/bin/cmake -E cmake_link_script CMakeFiles/cmTC_5d8a2.dir/link.txt --verbose=1
/usr/bin/cc  -DCHECK_FUNCTION_EXISTS=pthread_create    CMakeFiles/cmTC_5d8a2.dir/CheckFunctionExists.c.o  -o cmTC_5d8a2 -lpthreads 
/usr/bin/ld: cannot find -lpthreads
collect2: error: ld returned 1 exit status
gmake[1]: *** [CMakeFiles/cmTC_5d8a2.dir/build.make:87: cmTC_5d8a2] Error 1
gmake[1]: Leaving directory '/home/pengwang/workspace/github/drpc2/CMakeFiles/CMakeTmp'
gmake: *** [Makefile:121: cmTC_5d8a2/fast] Error 2


